<?xml version="1.0" encoding="UTF-8"?>
<testsuite name="ru.stqa.pft.addressbook.GroupDeleteTestTest" tests="1" skipped="0" failures="0" errors="0" timestamp="2021-09-29T17:57:14" hostname="LAPTOP-4RLPHT90" time="0.594">
  <properties/>
  <testcase name="groupDeleteTest" classname="ru.stqa.pft.addressbook.GroupDeleteTestTest" time="0.594"/>
  <system-out><![CDATA[]]></system-out>
  <system-err><![CDATA[Starting ChromeDriver 94.0.4606.61 (418b78f5838ed0b1c69bb4e51ea0252171854915-refs/branch-heads/4606@{#1204}) on port 40249
Only local connections are allowed.
Please see https://chromedriver.chromium.org/security-considerations for suggestions on keeping ChromeDriver safe.
ChromeDriver was started successfully.
сент. 29, 2021 8:57:10 PM org.openqa.selenium.remote.ProtocolHandshake createSession
INFO: Detected dialect: W3C
]]></system-err>
</testsuite>
